<?xml version="1.0" encoding="UTF-8"?>
<!-- Generated by org.testng.reporters.JUnitReportReporter -->
<testsuite hostname="Prasannakumar" failures="0" tests="1" name="data.productspagee" time="9.955" errors="0" timestamp="2024-01-23T21:06:22 IST" skipped="0">
  <testcase classname="data.productspagee" name="verifyProductlink" time="9.955"/>
  <system-out/>
</testsuite> <!-- data.productspagee -->
