<?xml version="1.0" encoding="UTF-8"?>
<!-- Generated by org.testng.reporters.JUnitReportReporter -->
<testsuite hostname="Prasannakumar" failures="0" tests="1" name="SearchProduct" time="13.850" errors="0" timestamp="2023-12-06T14:15:10 IST" skipped="0">
  <testcase classname="SearchProduct" name="ProductSearch" time="13.850"/>
  <system-out/>
</testsuite> <!-- SearchProduct -->
